<?xml version="1.0" encoding="UTF-8"?>
<!-- Generated by org.testng.reporters.JUnitXMLReporter -->
<testsuite hostname="Lenovo-PC" ignored="0" name="Test" tests="30" failures="0" timestamp="04 Sep 2017 08:07:58 GMT" time="8.906" errors="0">
  <testcase name="@BeforeClass getDataFromConfig" time="8.735" classname="commonMethods.Testcases">
    <failure type="org.openqa.selenium.WebDriverException" message="unknown error: cannot get automation extension
from chrome not reachable
  (Session info: chrome=60.0.3112.113)
  (Driver info: chromedriver=2.29.461591 (62ebf098771772160f391d75e589dc567915b233),platform=Windows NT 6.3.9600 x86_64) (WARNING: The server did not provide any stacktrace information)
Command duration or timeout: 4.07 seconds
Build info: version: &amp;apos;3.0.1&amp;apos;, revision: &amp;apos;1969d75&amp;apos;, time: &amp;apos;2016-10-18 09:49:13 -0700&amp;apos;
System info: host: &amp;apos;Lenovo-PC&amp;apos;, ip: &amp;apos;192.175.3.237&amp;apos;, os.name: &amp;apos;Windows 8.1&amp;apos;, os.arch: &amp;apos;amd64&amp;apos;, os.version: &amp;apos;6.3&amp;apos;, java.version: &amp;apos;1.8.0_131&amp;apos;
Driver info: org.openqa.selenium.chrome.ChromeDriver
Capabilities [{applicationCacheEnabled=false, rotatable=false, mobileEmulationEnabled=false, networkConnectionEnabled=false, chrome={chromedriverVersion=2.29.461591 (62ebf098771772160f391d75e589dc567915b233), userDataDir=C:\Users\TOOKIT~1\AppData\Local\Temp\scoped_dir8056_1087}, takesHeapSnapshot=true, pageLoadStrategy=normal, databaseEnabled=false, handlesAlerts=true, hasTouchScreen=false, version=60.0.3112.113, platform=WIN8_1, browserConnectionEnabled=false, nativeEvents=true, acceptSslCerts=true, locationContextEnabled=true, webStorageEnabled=true, browserName=chrome, takesScreenshot=true, javascriptEnabled=true, cssSelectorsEnabled=true, unexpectedAlertBehaviour=}]
Session ID: 7ca74cb593ee46ff823186991823beb4">
      <![CDATA[org.openqa.selenium.WebDriverException: unknown error: cannot get automation extension
from chrome not reachable
  (Session info: chrome=60.0.3112.113)
  (Driver info: chromedriver=2.29.461591 (62ebf098771772160f391d75e589dc567915b233),platform=Windows NT 6.3.9600 x86_64) (WARNING: The server did not provide any stacktrace information)
Command duration or timeout: 4.07 seconds
Build info: version: '3.0.1', revision: '1969d75', time: '2016-10-18 09:49:13 -0700'
System info: host: 'Lenovo-PC', ip: '192.175.3.237', os.name: 'Windows 8.1', os.arch: 'amd64', os.version: '6.3', java.version: '1.8.0_131'
Driver info: org.openqa.selenium.chrome.ChromeDriver
Capabilities [{applicationCacheEnabled=false, rotatable=false, mobileEmulationEnabled=false, networkConnectionEnabled=false, chrome={chromedriverVersion=2.29.461591 (62ebf098771772160f391d75e589dc567915b233), userDataDir=C:\Users\TOOKIT~1\AppData\Local\Temp\scoped_dir8056_1087}, takesHeapSnapshot=true, pageLoadStrategy=normal, databaseEnabled=false, handlesAlerts=true, hasTouchScreen=false, version=60.0.3112.113, platform=WIN8_1, browserConnectionEnabled=false, nativeEvents=true, acceptSslCerts=true, locationContextEnabled=true, webStorageEnabled=true, browserName=chrome, takesScreenshot=true, javascriptEnabled=true, cssSelectorsEnabled=true, unexpectedAlertBehaviour=}]
Session ID: 7ca74cb593ee46ff823186991823beb4
	at org.openqa.selenium.remote.ErrorHandler.createThrowable(ErrorHandler.java:216)
	at org.openqa.selenium.remote.ErrorHandler.throwIfResponseFailed(ErrorHandler.java:168)
	at org.openqa.selenium.remote.RemoteWebDriver.execute(RemoteWebDriver.java:635)
	at org.openqa.selenium.remote.RemoteWebDriver.execute(RemoteWebDriver.java:658)
	at org.openqa.selenium.remote.RemoteWebDriver$RemoteWebDriverOptions$RemoteWindow.maximize(RemoteWebDriver.java:882)
	at commonMethods.Config.getDriver(Config.java:24)
	at commonMethods.Testcases.getDataFromConfig(Testcases.java:89)
... Removed 32 stack frames]]>
    </failure>
  </testcase> <!-- @BeforeClass getDataFromConfig -->
  <testcase name="@AfterClass teardown" time="0.0" classname="commonMethods.Testcases">
    <skipped/>
  </testcase> <!-- @AfterClass teardown -->
  <testcase name="login" time="0.0" classname="commonMethods.Testcases">
    <skipped/>
  </testcase> <!-- login -->
  <testcase name="cluster" time="0.0" classname="commonMethods.Testcases">
    <skipped/>
  </testcase> <!-- cluster -->
  <testcase name="explore" time="0.0" classname="commonMethods.Testcases">
    <skipped/>
  </testcase> <!-- explore -->
  <testcase name="amlTransformEncode" time="0.0" classname="commonMethods.Testcases">
    <skipped/>
  </testcase> <!-- amlTransformEncode -->
  <testcase name="amlTransformJoin" time="0.0" classname="commonMethods.Testcases">
    <skipped/>
  </testcase> <!-- amlTransformJoin -->
  <testcase name="amlFilterPredection1" time="0.0" classname="commonMethods.Testcases">
    <skipped/>
  </testcase> <!-- amlFilterPredection1 -->
  <testcase name="amlFilterPredection2" time="0.0" classname="commonMethods.Testcases">
    <skipped/>
  </testcase> <!-- amlFilterPredection2 -->
  <testcase name="amlFilterPredection3" time="0.0" classname="commonMethods.Testcases">
    <skipped/>
  </testcase> <!-- amlFilterPredection3 -->
  <testcase name="amlFilterPredection4" time="0.0" classname="commonMethods.Testcases">
    <skipped/>
  </testcase> <!-- amlFilterPredection4 -->
  <testcase name="amlFilterPredection5" time="0.0" classname="commonMethods.Testcases">
    <skipped/>
  </testcase> <!-- amlFilterPredection5 -->
  <testcase name="amlBalance_With_Fraction1" time="0.0" classname="commonMethods.Testcases">
    <skipped/>
  </testcase> <!-- amlBalance_With_Fraction1 -->
  <testcase name="amlBalance_With_Fraction2" time="0.0" classname="commonMethods.Testcases">
    <skipped/>
  </testcase> <!-- amlBalance_With_Fraction2 -->
  <testcase name="amlBalance_With_Fraction3" time="0.0" classname="commonMethods.Testcases">
    <skipped/>
  </testcase> <!-- amlBalance_With_Fraction3 -->
  <testcase name="amlBalance_With_Fraction4" time="0.0" classname="commonMethods.Testcases">
    <skipped/>
  </testcase> <!-- amlBalance_With_Fraction4 -->
  <testcase name="amlN_Union1" time="0.0" classname="commonMethods.Testcases">
    <skipped/>
  </testcase> <!-- amlN_Union1 -->
  <testcase name="amlN_Union2" time="0.0" classname="commonMethods.Testcases">
    <skipped/>
  </testcase> <!-- amlN_Union2 -->
  <testcase name="amlN_Union3" time="0.0" classname="commonMethods.Testcases">
    <skipped/>
  </testcase> <!-- amlN_Union3 -->
  <testcase name="amlTransformationProject" time="0.0" classname="commonMethods.Testcases">
    <skipped/>
  </testcase> <!-- amlTransformationProject -->
  <testcase name="rblTransformationProject" time="0.0" classname="commonMethods.Testcases">
    <skipped/>
  </testcase> <!-- rblTransformationProject -->
  <testcase name="rblTransformAggregate" time="0.0" classname="commonMethods.Testcases">
    <skipped/>
  </testcase> <!-- rblTransformAggregate -->
  <testcase name="rblTransformSlide" time="0.0" classname="commonMethods.Testcases">
    <skipped/>
  </testcase> <!-- rblTransformSlide -->
  <testcase name="rblTransformAggregate2" time="0.0" classname="commonMethods.Testcases">
    <skipped/>
  </testcase> <!-- rblTransformAggregate2 -->
  <testcase name="rblTransformationTranspose" time="0.0" classname="commonMethods.Testcases">
    <skipped/>
  </testcase> <!-- rblTransformationTranspose -->
  <testcase name="rblTransformJoin" time="0.0" classname="commonMethods.Testcases">
    <skipped/>
  </testcase> <!-- rblTransformJoin -->
  <testcase name="rblTransformJoin2" time="0.0" classname="commonMethods.Testcases">
    <skipped/>
  </testcase> <!-- rblTransformJoin2 -->
  <testcase name="rblTransformSplit" time="0.0" classname="commonMethods.Testcases">
    <skipped/>
  </testcase> <!-- rblTransformSplit -->
  <testcase name="amlModel" time="0.0" classname="commonMethods.Testcases">
    <skipped/>
  </testcase> <!-- amlModel -->
  <testcase name="rblModel" time="0.0" classname="commonMethods.Testcases">
    <skipped/>
  </testcase> <!-- rblModel -->
  <testcase name="amlPipeline" time="0.001" classname="commonMethods.Testcases">
    <skipped/>
  </testcase> <!-- amlPipeline -->
  <testcase name="rblPipeline" time="0.0" classname="commonMethods.Testcases">
    <skipped/>
  </testcase> <!-- rblPipeline -->
</testsuite> <!-- Test -->
