<?xml version="1.0" encoding="UTF-8"?>
<!-- Generated by org.testng.reporters.JUnitReportReporter -->
<testsuite skipped="30" hostname="Lenovo-PC" name="commonMethods.Testcases" tests="31" failures="0" timestamp="04 Sep 2017 08:07:58 GMT" time="8.736" errors="1">
  <testcase name="getDataFromConfig" time="8.735" classname="commonMethods.Testcases">
    <error type="org.openqa.selenium.WebDriverException" message="unknown error: cannot get automation extension
from chrome not reachable
  (Session info: chrome=60.0.3112.113)
  (Driver info: chromedriver=2.29.461591 (62ebf098771772160f391d75e589dc567915b233),platform=Windows NT 6.3.9600 x86_64) (WARNING: The server did not provide any stacktrace information)
Command duration or timeout: 4.07 seconds
Build info: version: &#039;3.0.1&#039;, revision: &#039;1969d75&#039;, time: &#039;2016-10-18 09:49:13 -0700&#039;
System info: host: &#039;Lenovo-PC&#039;, ip: &#039;192.175.3.237&#039;, os.name: &#039;Windows 8.1&#039;, os.arch: &#039;amd64&#039;, os.version: &#039;6.3&#039;, java.version: &#039;1.8.0_131&#039;
Driver info: org.openqa.selenium.chrome.ChromeDriver
Capabilities [{applicationCacheEnabled=false, rotatable=false, mobileEmulationEnabled=false, networkConnectionEnabled=false, chrome={chromedriverVersion=2.29.461591 (62ebf098771772160f391d75e589dc567915b233), userDataDir=C:\Users\TOOKIT~1\AppData\Local\Temp\scoped_dir8056_1087}, takesHeapSnapshot=true, pageLoadStrategy=normal, databaseEnabled=false, handlesAlerts=true, hasTouchScreen=false, version=60.0.3112.113, platform=WIN8_1, browserConnectionEnabled=false, nativeEvents=true, acceptSslCerts=true, locationContextEnabled=true, webStorageEnabled=true, browserName=chrome, takesScreenshot=true, javascriptEnabled=true, cssSelectorsEnabled=true, unexpectedAlertBehaviour=}]
Session ID: 7ca74cb593ee46ff823186991823beb4">
      <![CDATA[org.openqa.selenium.WebDriverException: unknown error: cannot get automation extension
from chrome not reachable
  (Session info: chrome=60.0.3112.113)
  (Driver info: chromedriver=2.29.461591 (62ebf098771772160f391d75e589dc567915b233),platform=Windows NT 6.3.9600 x86_64) (WARNING: The server did not provide any stacktrace information)
Command duration or timeout: 4.07 seconds
Build info: version: '3.0.1', revision: '1969d75', time: '2016-10-18 09:49:13 -0700'
System info: host: 'Lenovo-PC', ip: '192.175.3.237', os.name: 'Windows 8.1', os.arch: 'amd64', os.version: '6.3', java.version: '1.8.0_131'
Driver info: org.openqa.selenium.chrome.ChromeDriver
Capabilities [{applicationCacheEnabled=false, rotatable=false, mobileEmulationEnabled=false, networkConnectionEnabled=false, chrome={chromedriverVersion=2.29.461591 (62ebf098771772160f391d75e589dc567915b233), userDataDir=C:\Users\TOOKIT~1\AppData\Local\Temp\scoped_dir8056_1087}, takesHeapSnapshot=true, pageLoadStrategy=normal, databaseEnabled=false, handlesAlerts=true, hasTouchScreen=false, version=60.0.3112.113, platform=WIN8_1, browserConnectionEnabled=false, nativeEvents=true, acceptSslCerts=true, locationContextEnabled=true, webStorageEnabled=true, browserName=chrome, takesScreenshot=true, javascriptEnabled=true, cssSelectorsEnabled=true, unexpectedAlertBehaviour=}]
Session ID: 7ca74cb593ee46ff823186991823beb4
	at sun.reflect.NativeConstructorAccessorImpl.newInstance0(Native Method)
	at sun.reflect.NativeConstructorAccessorImpl.newInstance(NativeConstructorAccessorImpl.java:62)
	at sun.reflect.DelegatingConstructorAccessorImpl.newInstance(DelegatingConstructorAccessorImpl.java:45)
	at java.lang.reflect.Constructor.newInstance(Constructor.java:423)
	at org.openqa.selenium.remote.ErrorHandler.createThrowable(ErrorHandler.java:216)
	at org.openqa.selenium.remote.ErrorHandler.throwIfResponseFailed(ErrorHandler.java:168)
	at org.openqa.selenium.remote.RemoteWebDriver.execute(RemoteWebDriver.java:635)
	at org.openqa.selenium.remote.RemoteWebDriver.execute(RemoteWebDriver.java:658)
	at org.openqa.selenium.remote.RemoteWebDriver$RemoteWebDriverOptions$RemoteWindow.maximize(RemoteWebDriver.java:882)
	at commonMethods.Config.getDriver(Config.java:24)
	at commonMethods.Testcases.getDataFromConfig(Testcases.java:89)
	at sun.reflect.NativeMethodAccessorImpl.invoke0(Native Method)
	at sun.reflect.NativeMethodAccessorImpl.invoke(NativeMethodAccessorImpl.java:62)
	at sun.reflect.DelegatingMethodAccessorImpl.invoke(DelegatingMethodAccessorImpl.java:43)
	at java.lang.reflect.Method.invoke(Method.java:498)
	at org.testng.internal.MethodInvocationHelper.invokeMethod(MethodInvocationHelper.java:108)
	at org.testng.internal.Invoker.invokeConfigurationMethod(Invoker.java:523)
	at org.testng.internal.Invoker.invokeConfigurations(Invoker.java:224)
	at org.testng.internal.Invoker.invokeConfigurations(Invoker.java:146)
	at org.testng.internal.TestMethodWorker.invokeBeforeClassMethods(TestMethodWorker.java:166)
	at org.testng.internal.TestMethodWorker.run(TestMethodWorker.java:105)
	at org.testng.TestRunner.privateRun(TestRunner.java:744)
	at org.testng.TestRunner.run(TestRunner.java:602)
	at org.testng.SuiteRunner.runTest(SuiteRunner.java:380)
	at org.testng.SuiteRunner.runSequentially(SuiteRunner.java:375)
	at org.testng.SuiteRunner.privateRun(SuiteRunner.java:340)
	at org.testng.SuiteRunner.run(SuiteRunner.java:289)
	at org.testng.SuiteRunnerWorker.runSuite(SuiteRunnerWorker.java:52)
	at org.testng.SuiteRunnerWorker.run(SuiteRunnerWorker.java:86)
	at org.testng.TestNG.runSuitesSequentially(TestNG.java:1301)
	at org.testng.TestNG.runSuitesLocally(TestNG.java:1226)
	at org.testng.TestNG.runSuites(TestNG.java:1144)
	at org.testng.TestNG.run(TestNG.java:1115)
	at org.apache.maven.surefire.testng.TestNGExecutor.run(TestNGExecutor.java:283)
	at org.apache.maven.surefire.testng.TestNGXmlTestSuite.execute(TestNGXmlTestSuite.java:75)
	at org.apache.maven.surefire.testng.TestNGProvider.invoke(TestNGProvider.java:120)
	at org.apache.maven.surefire.booter.ForkedBooter.invokeProviderInSameClassLoader(ForkedBooter.java:386)
	at org.apache.maven.surefire.booter.ForkedBooter.runSuitesInProcess(ForkedBooter.java:323)
	at org.apache.maven.surefire.booter.ForkedBooter.main(ForkedBooter.java:143)
]]>
    </error>
  </testcase> <!-- getDataFromConfig -->
  <testcase name="login" time="0.000" classname="commonMethods.Testcases">
    <skipped/>
  </testcase> <!-- login -->
  <testcase name="cluster" time="0.000" classname="commonMethods.Testcases">
    <skipped/>
  </testcase> <!-- cluster -->
  <testcase name="explore" time="0.000" classname="commonMethods.Testcases">
    <skipped/>
  </testcase> <!-- explore -->
  <testcase name="amlTransformEncode" time="0.000" classname="commonMethods.Testcases">
    <skipped/>
  </testcase> <!-- amlTransformEncode -->
  <testcase name="amlTransformJoin" time="0.000" classname="commonMethods.Testcases">
    <skipped/>
  </testcase> <!-- amlTransformJoin -->
  <testcase name="amlFilterPredection1" time="0.000" classname="commonMethods.Testcases">
    <skipped/>
  </testcase> <!-- amlFilterPredection1 -->
  <testcase name="amlFilterPredection2" time="0.000" classname="commonMethods.Testcases">
    <skipped/>
  </testcase> <!-- amlFilterPredection2 -->
  <testcase name="amlFilterPredection3" time="0.000" classname="commonMethods.Testcases">
    <skipped/>
  </testcase> <!-- amlFilterPredection3 -->
  <testcase name="amlFilterPredection4" time="0.000" classname="commonMethods.Testcases">
    <skipped/>
  </testcase> <!-- amlFilterPredection4 -->
  <testcase name="amlFilterPredection5" time="0.000" classname="commonMethods.Testcases">
    <skipped/>
  </testcase> <!-- amlFilterPredection5 -->
  <testcase name="amlBalance_With_Fraction1" time="0.000" classname="commonMethods.Testcases">
    <skipped/>
  </testcase> <!-- amlBalance_With_Fraction1 -->
  <testcase name="amlBalance_With_Fraction2" time="0.000" classname="commonMethods.Testcases">
    <skipped/>
  </testcase> <!-- amlBalance_With_Fraction2 -->
  <testcase name="amlBalance_With_Fraction3" time="0.000" classname="commonMethods.Testcases">
    <skipped/>
  </testcase> <!-- amlBalance_With_Fraction3 -->
  <testcase name="amlBalance_With_Fraction4" time="0.000" classname="commonMethods.Testcases">
    <skipped/>
  </testcase> <!-- amlBalance_With_Fraction4 -->
  <testcase name="amlN_Union1" time="0.000" classname="commonMethods.Testcases">
    <skipped/>
  </testcase> <!-- amlN_Union1 -->
  <testcase name="amlN_Union2" time="0.000" classname="commonMethods.Testcases">
    <skipped/>
  </testcase> <!-- amlN_Union2 -->
  <testcase name="amlN_Union3" time="0.000" classname="commonMethods.Testcases">
    <skipped/>
  </testcase> <!-- amlN_Union3 -->
  <testcase name="amlTransformationProject" time="0.000" classname="commonMethods.Testcases">
    <skipped/>
  </testcase> <!-- amlTransformationProject -->
  <testcase name="rblTransformationProject" time="0.000" classname="commonMethods.Testcases">
    <skipped/>
  </testcase> <!-- rblTransformationProject -->
  <testcase name="rblTransformAggregate" time="0.000" classname="commonMethods.Testcases">
    <skipped/>
  </testcase> <!-- rblTransformAggregate -->
  <testcase name="rblTransformSlide" time="0.000" classname="commonMethods.Testcases">
    <skipped/>
  </testcase> <!-- rblTransformSlide -->
  <testcase name="rblTransformAggregate2" time="0.000" classname="commonMethods.Testcases">
    <skipped/>
  </testcase> <!-- rblTransformAggregate2 -->
  <testcase name="rblTransformationTranspose" time="0.000" classname="commonMethods.Testcases">
    <skipped/>
  </testcase> <!-- rblTransformationTranspose -->
  <testcase name="rblTransformJoin" time="0.000" classname="commonMethods.Testcases">
    <skipped/>
  </testcase> <!-- rblTransformJoin -->
  <testcase name="rblTransformJoin2" time="0.000" classname="commonMethods.Testcases">
    <skipped/>
  </testcase> <!-- rblTransformJoin2 -->
  <testcase name="rblTransformSplit" time="0.000" classname="commonMethods.Testcases">
    <skipped/>
  </testcase> <!-- rblTransformSplit -->
  <testcase name="amlModel" time="0.000" classname="commonMethods.Testcases">
    <skipped/>
  </testcase> <!-- amlModel -->
  <testcase name="rblModel" time="0.000" classname="commonMethods.Testcases">
    <skipped/>
  </testcase> <!-- rblModel -->
  <testcase name="amlPipeline" time="0.001" classname="commonMethods.Testcases">
    <skipped/>
  </testcase> <!-- amlPipeline -->
  <testcase name="rblPipeline" time="0.000" classname="commonMethods.Testcases">
    <skipped/>
  </testcase> <!-- rblPipeline -->
</testsuite> <!-- commonMethods.Testcases -->
